#
# There is insufficient memory for the Java Runtime Environment to continue.
# Native memory allocation (malloc) failed to allocate 244576 bytes. Error detail: Chunk::new
# Possible reasons:
#   The system is out of physical RAM or swap space
#   This process is running with CompressedOops enabled, and the Java Heap may be blocking the growth of the native heap
# Possible solutions:
#   Reduce memory load on the system
#   Increase physical memory or swap space
#   Check if swap backing store is full
#   Decrease Java heap size (-Xmx/-Xms)
#   Decrease number of Java threads
#   Decrease Java thread stack sizes (-Xss)
#   Set larger code cache with -XX:ReservedCodeCacheSize=
#   JVM is running with Unscaled Compressed Oops mode in which the Java heap is
#     placed in the first 4GB address space. The Java Heap base address is the
#     maximum limit for the native heap growth. Please use -XX:HeapBaseMinAddress
#     to set the Java Heap base and to place the Java Heap above 4GB virtual address.
# This output file may be truncated or incomplete.
#
#  Out of Memory Error (arena.cpp:191), pid=14424, tid=3044
#
# JRE version: OpenJDK Runtime Environment Temurin-17.0.12+7 (17.0.12+7) (build 17.0.12+7)
# Java VM: OpenJDK 64-Bit Server VM Temurin-17.0.12+7 (17.0.12+7, mixed mode, tiered, compressed oops, compressed class ptrs, parallel gc, windows-amd64)
# No core dump will be written. Minidumps are not enabled by default on client versions of Windows
#

---------------  S U M M A R Y ------------

Command Line: --add-modules=ALL-SYSTEM --add-opens=java.base/java.util=ALL-UNNAMED --add-opens=java.base/java.lang=ALL-UNNAMED --add-opens=java.base/sun.nio.fs=ALL-UNNAMED -Declipse.application=org.eclipse.jdt.ls.core.id1 -Dosgi.bundles.defaultStartLevel=4 -Declipse.product=org.eclipse.jdt.ls.core.product -Djava.import.generatesMetadataFilesAtProjectRoot=false -DDetectVMInstallationsJob.disabled=true -Dfile.encoding=utf8 -XX:+UseParallelGC -XX:GCTimeRatio=4 -XX:AdaptiveSizePolicyWeight=90 -Dsun.zip.disableMemoryMapping=true -Xmx1G -Xms100m -Xlog:disable -javaagent:c:\Users\LENOVO\.vscode\extensions\redhat.java-1.35.1-win32-x64\lombok\lombok-1.18.33.jar -XX:+HeapDumpOnOutOfMemoryError -XX:HeapDumpPath=c:\Users\LENOVO\AppData\Roaming\Code\User\workspaceStorage\1ebfca3e94f2efa66ad72e0075e45ae2\redhat.java -Daether.dependencyCollector.impl=bf c:\Users\LENOVO\.vscode\extensions\redhat.java-1.35.1-win32-x64\server\plugins\org.eclipse.equinox.launcher_1.6.900.v20240613-2009.jar -configuration c:\Users\LENOVO\AppData\Roaming\Code\User\globalStorage\redhat.java\1.35.1\config_win -data c:\Users\LENOVO\AppData\Roaming\Code\User\workspaceStorage\1ebfca3e94f2efa66ad72e0075e45ae2\redhat.java\jdt_ws --pipe=\\.\pipe\lsp-250445d8d12d08ad549e0b20547822f4-sock

Host: 12th Gen Intel(R) Core(TM) i7-12700H, 20 cores, 15G,  Windows 11 , 64 bit Build 22621 (10.0.22621.3958)
Time: Mon Oct 21 14:22:49 2024 SE Asia Standard Time elapsed time: 0.384636 seconds (0d 0h 0m 0s)

---------------  T H R E A D  ---------------

Current thread (0x00000285ee8f25a0):  JavaThread "C2 CompilerThread0" daemon [_thread_in_native, id=3044, stack(0x0000008dca900000,0x0000008dcaa00000)]


Current CompileTask:
C2:    384  558       4       lombok.patcher.PatchScript::classMatches (41 bytes)

Stack: [0x0000008dca900000,0x0000008dcaa00000]
Native frames: (J=compiled Java code, j=interpreted, Vv=VM code, C=native code)
V  [jvm.dll+0x67f929]
V  [jvm.dll+0x8371ba]
V  [jvm.dll+0x838c7e]
V  [jvm.dll+0x8392e3]
V  [jvm.dll+0x24834f]
V  [jvm.dll+0xac9d4]
V  [jvm.dll+0xad01c]
V  [jvm.dll+0x2af96f]
V  [jvm.dll+0x5868d7]
V  [jvm.dll+0x2231c2]
V  [jvm.dll+0x2235bf]
V  [jvm.dll+0x21c6e0]
V  [jvm.dll+0x219be1]
V  [jvm.dll+0x1a58bd]
V  [jvm.dll+0x229a2d]
V  [jvm.dll+0x227bdc]
V  [jvm.dll+0x7ec1f7]
V  [jvm.dll+0x7e65dc]
V  [jvm.dll+0x67e7f7]
C  [ucrtbase.dll+0x29333]
C  [KERNEL32.DLL+0x1257d]
C  [ntdll.dll+0x5af08]


---------------  P R O C E S S  ---------------

Threads class SMR info:
_java_thread_list=0x00000285f0ee2090, length=16, elements={
0x00000285d56cdc00, 0x00000285ee8ba020, 0x00000285ee8bb090, 0x00000285ee8e8320,
0x00000285ee8e8cf0, 0x00000285ee8e9f60, 0x00000285ee8eb7e0, 0x00000285ee8f25a0,
0x00000285ee8f86a0, 0x00000285ee90b770, 0x00000285ee97c6d0, 0x00000285d572ea60,
0x00000285eea9eba0, 0x00000285f0de9020, 0x00000285f0de9950, 0x00000285f0ee3000
}

Java Threads: ( => current thread )
  0x00000285d56cdc00 JavaThread "main" [_thread_in_Java, id=21864, stack(0x0000008dca000000,0x0000008dca100000)]
  0x00000285ee8ba020 JavaThread "Reference Handler" daemon [_thread_blocked, id=24316, stack(0x0000008dca300000,0x0000008dca400000)]
  0x00000285ee8bb090 JavaThread "Finalizer" daemon [_thread_blocked, id=19644, stack(0x0000008dca400000,0x0000008dca500000)]
  0x00000285ee8e8320 JavaThread "Signal Dispatcher" daemon [_thread_blocked, id=15992, stack(0x0000008dca500000,0x0000008dca600000)]
  0x00000285ee8e8cf0 JavaThread "Attach Listener" daemon [_thread_blocked, id=24476, stack(0x0000008dca600000,0x0000008dca700000)]
  0x00000285ee8e9f60 JavaThread "Service Thread" daemon [_thread_blocked, id=22296, stack(0x0000008dca700000,0x0000008dca800000)]
  0x00000285ee8eb7e0 JavaThread "Monitor Deflation Thread" daemon [_thread_blocked, id=18028, stack(0x0000008dca800000,0x0000008dca900000)]
=>0x00000285ee8f25a0 JavaThread "C2 CompilerThread0" daemon [_thread_in_native, id=3044, stack(0x0000008dca900000,0x0000008dcaa00000)]
  0x00000285ee8f86a0 JavaThread "C1 CompilerThread0" daemon [_thread_blocked, id=21088, stack(0x0000008dcaa00000,0x0000008dcab00000)]
  0x00000285ee90b770 JavaThread "Sweeper thread" daemon [_thread_blocked, id=22776, stack(0x0000008dcab00000,0x0000008dcac00000)]
  0x00000285ee97c6d0 JavaThread "Common-Cleaner" daemon [_thread_blocked, id=21780, stack(0x0000008dcac00000,0x0000008dcad00000)]
  0x00000285d572ea60 JavaThread "C1 CompilerThread1" daemon [_thread_blocked, id=23256, stack(0x0000008dcad00000,0x0000008dcae00000)]
  0x00000285eea9eba0 JavaThread "C2 CompilerThread1" daemon [_thread_in_native, id=22164, stack(0x0000008dcae00000,0x0000008dcaf00000)]
  0x00000285f0de9020 JavaThread "C1 CompilerThread2" daemon [_thread_blocked, id=20220, stack(0x0000008dcaf00000,0x0000008dcb000000)]
  0x00000285f0de9950 JavaThread "C1 CompilerThread3" daemon [_thread_blocked, id=15440, stack(0x0000008dcb000000,0x0000008dcb100000)]
  0x00000285f0ee3000 JavaThread "Notification Thread" daemon [_thread_blocked, id=24368, stack(0x0000008dcb100000,0x0000008dcb200000)]

Other Threads:
  0x00000285d577e9f0 VMThread "VM Thread" [stack: 0x0000008dca200000,0x0000008dca300000] [id=2868]
  0x00000285f0ecb4d0 WatcherThread [stack: 0x0000008dcb200000,0x0000008dcb300000] [id=12064]
  0x00000285d56e0ff0 GCTaskThread "GC Thread#0" [stack: 0x0000008dca100000,0x0000008dca200000] [id=16260]

Threads with active compile tasks:
C2 CompilerThread0      400  558       4       lombok.patcher.PatchScript::classMatches (41 bytes)
C2 CompilerThread1      400  557       4       lombok.patcher.scripts.MethodLevelPatchScript::patch (21 bytes)

VM state: not at safepoint (normal execution)

VM Mutex/Monitor currently owned by a thread: None

Heap address: 0x00000000c0000000, size: 1024 MB, Compressed Oops mode: 32-bit

CDS archive(s) not mapped
Compressed class space mapped at: 0x0000000100000000-0x0000000140000000, reserved size: 1073741824
Narrow klass base: 0x0000000000000000, Narrow klass shift: 3, Narrow klass range: 0x140000000

GC Precious Log:
 CPUs: 20 total, 20 available
 Memory: 16108M
 Large Page Support: Disabled
 NUMA Support: Disabled
 Compressed Oops: Enabled (32-bit)
 Alignments: Space 512K, Generation 512K, Heap 2M
 Heap Min Capacity: 100M
 Heap Initial Capacity: 100M
 Heap Max Capacity: 1G
 Pre-touch: Disabled
 Parallel Workers: 15

Heap:
 PSYoungGen      total 29696K, used 14722K [0x00000000eab00000, 0x00000000ecc00000, 0x0000000100000000)
  eden space 25600K, 57% used [0x00000000eab00000,0x00000000eb960ba0,0x00000000ec400000)
  from space 4096K, 0% used [0x00000000ec800000,0x00000000ec800000,0x00000000ecc00000)
  to   space 4096K, 0% used [0x00000000ec400000,0x00000000ec400000,0x00000000ec800000)
 ParOldGen       total 68608K, used 0K [0x00000000c0000000, 0x00000000c4300000, 0x00000000eab00000)
  object space 68608K, 0% used [0x00000000c0000000,0x00000000c0000000,0x00000000c4300000)
 Metaspace       used 8779K, committed 8960K, reserved 1114112K
  class space    used 866K, committed 960K, reserved 1048576K

Card table byte_map: [0x00000285d5060000,0x00000285d5270000] _byte_map_base: 0x00000285d4a60000

Marking Bits: (ParMarkBitMap*) 0x00007ffd180458b0
 Begin Bits: [0x00000285e7360000, 0x00000285e8360000)
 End Bits:   [0x00000285e8360000, 0x00000285e9360000)

Polling page: 0x00000285d35c0000

Metaspace:

Usage:
  Non-class:      7.73 MB used.
      Class:    866.23 KB used.
       Both:      8.58 MB used.

Virtual space:
  Non-class space:       64.00 MB reserved,       7.81 MB ( 12%) committed,  1 nodes.
      Class space:        1.00 GB reserved,     960.00 KB ( <1%) committed,  1 nodes.
             Both:        1.06 GB reserved,       8.75 MB ( <1%) committed. 

Chunk freelists:
   Non-Class:  8.23 MB
       Class:  15.09 MB
        Both:  23.33 MB

MaxMetaspaceSize: unlimited
CompressedClassSpaceSize: 1.00 GB
Initial GC threshold: 21.00 MB
Current GC threshold: 21.00 MB
CDS: off
MetaspaceReclaimPolicy: balanced
 - commit_granule_bytes: 65536.
 - commit_granule_words: 8192.
 - virtual_space_node_default_size: 8388608.
 - enlarge_chunks_in_place: 1.
 - new_chunks_are_fully_committed: 0.
 - uncommit_free_chunks: 1.
 - use_allocation_guard: 0.
 - handle_deallocations: 1.


Internal statistics:

num_allocs_failed_limit: 0.
num_arena_births: 10.
num_arena_deaths: 0.
num_vsnodes_births: 2.
num_vsnodes_deaths: 0.
num_space_committed: 140.
num_space_uncommitted: 0.
num_chunks_returned_to_freelist: 0.
num_chunks_taken_from_freelist: 44.
num_chunk_merges: 0.
num_chunk_splits: 23.
num_chunks_enlarged: 18.
num_inconsistent_stats: 0.

CodeHeap 'non-profiled nmethods': size=119168Kb used=187Kb max_used=187Kb free=118980Kb
 bounds [0x00000285dff00000, 0x00000285e0170000, 0x00000285e7360000]
CodeHeap 'profiled nmethods': size=119104Kb used=824Kb max_used=824Kb free=118279Kb
 bounds [0x00000285d8360000, 0x00000285d85d0000, 0x00000285df7b0000]
CodeHeap 'non-nmethods': size=7488Kb used=2822Kb max_used=2826Kb free=4665Kb
 bounds [0x00000285df7b0000, 0x00000285dfa80000, 0x00000285dff00000]
 total_blobs=992 nmethods=569 adapters=335
 compilation: enabled
              stopped_count=0, restarted_count=0
 full_count=0

Compilation events (20 events):
Event: 0.366 Thread 0x00000285eea9eba0 nmethod 535 0x00000285dff2d190 code [0x00000285dff2d300, 0x00000285dff2d378]
Event: 0.366 Thread 0x00000285eea9eba0  536       4       java.lang.CharacterDataLatin1::digit (32 bytes)
Event: 0.367 Thread 0x00000285ee8f25a0 nmethod 544 0x00000285dff2d490 code [0x00000285dff2d640, 0x00000285dff2da18]
Event: 0.367 Thread 0x00000285ee8f25a0  542       4       java.lang.Character::digit (6 bytes)
Event: 0.367 Thread 0x00000285eea9eba0 nmethod 536 0x00000285dff2df10 code [0x00000285dff2e0a0, 0x00000285dff2e198]
Event: 0.368 Thread 0x00000285ee8f25a0 nmethod 542 0x00000285dff2e290 code [0x00000285dff2e420, 0x00000285dff2e518]
Event: 0.369 Thread 0x00000285eea9eba0  557       4       lombok.patcher.scripts.MethodLevelPatchScript::patch (21 bytes)
Event: 0.369 Thread 0x00000285ee8f25a0  558       4       lombok.patcher.PatchScript::classMatches (41 bytes)
Event: 0.373 Thread 0x00000285f0de9950  559       3       sun.security.util.DerInputStream::available (10 bytes)
Event: 0.373 Thread 0x00000285f0de9950 nmethod 559 0x00000285d842a990 code [0x00000285d842ab20, 0x00000285d842ac38]
Event: 0.374 Thread 0x00000285f0de9950  560       3       java.lang.Byte::<init> (10 bytes)
Event: 0.374 Thread 0x00000285f0de9950 nmethod 560 0x00000285d842ad10 code [0x00000285d842aec0, 0x00000285d842b098]
Event: 0.374 Thread 0x00000285f0de9020  561       3       java.util.jar.Manifest$FastInputStream::readLine (296 bytes)
Event: 0.375 Thread 0x00000285ee8f86a0  562       3       java.lang.reflect.Modifier::isPublic (12 bytes)
Event: 0.375 Thread 0x00000285ee8f86a0 nmethod 562 0x00000285d842b190 code [0x00000285d842b320, 0x00000285d842b478]
Event: 0.375 Thread 0x00000285f0de9020 nmethod 561 0x00000285d842b510 code [0x00000285d842b740, 0x00000285d842c048]
Event: 0.376 Thread 0x00000285f0de9020  563       3       java.lang.reflect.Modifier::isProtected (12 bytes)
Event: 0.376 Thread 0x00000285f0de9020 nmethod 563 0x00000285d842c390 code [0x00000285d842c520, 0x00000285d842c678]
Event: 0.381 Thread 0x00000285f0de9950  564       3       java.lang.invoke.MemberName::initResolved (53 bytes)
Event: 0.381 Thread 0x00000285f0de9950 nmethod 564 0x00000285d842c710 code [0x00000285d842c8a0, 0x00000285d842ca18]

GC Heap History (0 events):
No events

Dll operation events (8 events):
Event: 0.008 Loaded shared library c:\Users\LENOVO\.vscode\extensions\redhat.java-1.35.1-win32-x64\jre\17.0.12-win32-x86_64\bin\java.dll
Event: 0.106 Loaded shared library c:\Users\LENOVO\.vscode\extensions\redhat.java-1.35.1-win32-x64\jre\17.0.12-win32-x86_64\bin\zip.dll
Event: 0.108 Loaded shared library C:\Users\LENOVO\.vscode\extensions\redhat.java-1.35.1-win32-x64\jre\17.0.12-win32-x86_64\bin\instrument.dll
Event: 0.114 Loaded shared library C:\Users\LENOVO\.vscode\extensions\redhat.java-1.35.1-win32-x64\jre\17.0.12-win32-x86_64\bin\net.dll
Event: 0.115 Loaded shared library C:\Users\LENOVO\.vscode\extensions\redhat.java-1.35.1-win32-x64\jre\17.0.12-win32-x86_64\bin\nio.dll
Event: 0.119 Loaded shared library C:\Users\LENOVO\.vscode\extensions\redhat.java-1.35.1-win32-x64\jre\17.0.12-win32-x86_64\bin\zip.dll
Event: 0.128 Loaded shared library C:\Users\LENOVO\.vscode\extensions\redhat.java-1.35.1-win32-x64\jre\17.0.12-win32-x86_64\bin\jimage.dll
Event: 0.183 Loaded shared library c:\Users\LENOVO\.vscode\extensions\redhat.java-1.35.1-win32-x64\jre\17.0.12-win32-x86_64\bin\verify.dll

Deoptimization events (20 events):
Event: 0.326 Thread 0x00000285d56cdc00 Uncommon trap: trap_request=0xffffffde fr.pc=0x00000285dff25b2c relative=0x000000000000010c
Event: 0.326 Thread 0x00000285d56cdc00 Uncommon trap: reason=class_check action=maybe_recompile pc=0x00000285dff25b2c method=jdk.internal.misc.Unsafe.allocateUninitializedArray(Ljava/lang/Class;I)Ljava/lang/Object; @ 51 c2
Event: 0.326 Thread 0x00000285d56cdc00 DEOPT PACKING pc=0x00000285dff25b2c sp=0x0000008dca0fc160
Event: 0.326 Thread 0x00000285d56cdc00 DEOPT UNPACKING pc=0x00000285df8066a3 sp=0x0000008dca0fc0e8 mode 2
Event: 0.326 Thread 0x00000285d56cdc00 Uncommon trap: trap_request=0xffffffde fr.pc=0x00000285dff25b2c relative=0x000000000000010c
Event: 0.326 Thread 0x00000285d56cdc00 Uncommon trap: reason=class_check action=maybe_recompile pc=0x00000285dff25b2c method=jdk.internal.misc.Unsafe.allocateUninitializedArray(Ljava/lang/Class;I)Ljava/lang/Object; @ 51 c2
Event: 0.326 Thread 0x00000285d56cdc00 DEOPT PACKING pc=0x00000285dff25b2c sp=0x0000008dca0fc160
Event: 0.326 Thread 0x00000285d56cdc00 DEOPT UNPACKING pc=0x00000285df8066a3 sp=0x0000008dca0fc0e8 mode 2
Event: 0.326 Thread 0x00000285d56cdc00 Uncommon trap: trap_request=0xffffffde fr.pc=0x00000285dff25b2c relative=0x000000000000010c
Event: 0.326 Thread 0x00000285d56cdc00 Uncommon trap: reason=class_check action=maybe_recompile pc=0x00000285dff25b2c method=jdk.internal.misc.Unsafe.allocateUninitializedArray(Ljava/lang/Class;I)Ljava/lang/Object; @ 51 c2
Event: 0.326 Thread 0x00000285d56cdc00 DEOPT PACKING pc=0x00000285dff25b2c sp=0x0000008dca0fc1a0
Event: 0.326 Thread 0x00000285d56cdc00 DEOPT UNPACKING pc=0x00000285df8066a3 sp=0x0000008dca0fc128 mode 2
Event: 0.341 Thread 0x00000285d56cdc00 Uncommon trap: trap_request=0xffffff45 fr.pc=0x00000285dff15f40 relative=0x00000000000000c0
Event: 0.341 Thread 0x00000285d56cdc00 Uncommon trap: reason=unstable_if action=reinterpret pc=0x00000285dff15f40 method=java.net.URI.match(CJJ)Z @ 45 c2
Event: 0.341 Thread 0x00000285d56cdc00 DEOPT PACKING pc=0x00000285dff15f40 sp=0x0000008dca0fcbb0
Event: 0.341 Thread 0x00000285d56cdc00 DEOPT UNPACKING pc=0x00000285df8066a3 sp=0x0000008dca0fcb38 mode 2
Event: 0.351 Thread 0x00000285d56cdc00 Uncommon trap: trap_request=0xffffff45 fr.pc=0x00000285dff286fc relative=0x000000000000061c
Event: 0.351 Thread 0x00000285d56cdc00 Uncommon trap: reason=unstable_if action=reinterpret pc=0x00000285dff286fc method=java.lang.String.replace(Ljava/lang/CharSequence;Ljava/lang/CharSequence;)Ljava/lang/String; @ 48 c2
Event: 0.351 Thread 0x00000285d56cdc00 DEOPT PACKING pc=0x00000285dff286fc sp=0x0000008dca0fca20
Event: 0.351 Thread 0x00000285d56cdc00 DEOPT UNPACKING pc=0x00000285df8066a3 sp=0x0000008dca0fc9a0 mode 2

Classes loaded (20 events):
Event: 0.381 Loading class java/lang/constant/ConstantDescs
Event: 0.381 Loading class java/lang/constant/ConstantDescs done
Event: 0.381 Loading class java/lang/constant/ClassDesc
Event: 0.382 Loading class java/lang/constant/ClassDesc done
Event: 0.382 Loading class java/lang/constant/ConstantUtils
Event: 0.382 Loading class java/lang/constant/ConstantUtils done
Event: 0.382 Loading class java/lang/constant/ReferenceClassDescImpl
Event: 0.382 Loading class java/lang/constant/ReferenceClassDescImpl done
Event: 0.382 Loading class java/lang/constant/DirectMethodHandleDesc$Kind
Event: 0.382 Loading class java/lang/constant/DirectMethodHandleDesc$Kind done
Event: 0.383 Loading class java/lang/constant/MethodTypeDesc
Event: 0.383 Loading class java/lang/constant/MethodTypeDesc done
Event: 0.383 Loading class java/lang/constant/MethodTypeDescImpl
Event: 0.383 Loading class java/lang/constant/MethodTypeDescImpl done
Event: 0.383 Loading class java/lang/constant/MethodHandleDesc
Event: 0.383 Loading class java/lang/constant/MethodHandleDesc done
Event: 0.383 Loading class java/lang/constant/MethodHandleDesc$1
Event: 0.383 Loading class java/lang/constant/MethodHandleDesc$1 done
Event: 0.383 Loading class java/lang/constant/DirectMethodHandleDescImpl
Event: 0.383 Loading class java/lang/constant/DirectMethodHandleDesc

Classes unloaded (0 events):
No events

Classes redefined (0 events):
No events

Internal exceptions (2 events):
Event: 0.093 Thread 0x00000285d56cdc00 Exception <a 'java/lang/NoSuchMethodError'{0x00000000eacb5fb8}: 'void java.lang.invoke.DirectMethodHandle$Holder.invokeStatic(java.lang.Object, java.lang.Object, java.lang.Object)'> (0x00000000eacb5fb8) 
thrown [s\src\hotspot\share\interpreter\linkResolver.cpp, line 759]
Event: 0.219 Thread 0x00000285d56cdc00 Exception <a 'java/lang/reflect/InvocationTargetException'{0x00000000eb0e9778}> (0x00000000eb0e9778) 
thrown [s\src\hotspot\share\runtime\reflection.cpp, line 1128]

VM Operations (4 events):
Event: 0.096 Executing VM operation: HandshakeAllThreads
Event: 0.096 Executing VM operation: HandshakeAllThreads done
Event: 0.139 Executing VM operation: HandshakeAllThreads
Event: 0.139 Executing VM operation: HandshakeAllThreads done

Events (16 events):
Event: 0.031 Thread 0x00000285d56cdc00 Thread added: 0x00000285d56cdc00
Event: 0.037 Thread 0x00000285ee8ba020 Thread added: 0x00000285ee8ba020
Event: 0.038 Thread 0x00000285ee8bb090 Thread added: 0x00000285ee8bb090
Event: 0.049 Thread 0x00000285ee8e8320 Thread added: 0x00000285ee8e8320
Event: 0.049 Thread 0x00000285ee8e8cf0 Thread added: 0x00000285ee8e8cf0
Event: 0.050 Thread 0x00000285ee8e9f60 Thread added: 0x00000285ee8e9f60
Event: 0.050 Thread 0x00000285ee8eb7e0 Thread added: 0x00000285ee8eb7e0
Event: 0.050 Thread 0x00000285ee8f25a0 Thread added: 0x00000285ee8f25a0
Event: 0.050 Thread 0x00000285ee8f86a0 Thread added: 0x00000285ee8f86a0
Event: 0.050 Thread 0x00000285ee90b770 Thread added: 0x00000285ee90b770
Event: 0.084 Thread 0x00000285ee97c6d0 Thread added: 0x00000285ee97c6d0
Event: 0.095 Thread 0x00000285d572ea60 Thread added: 0x00000285d572ea60
Event: 0.099 Thread 0x00000285eea9eba0 Thread added: 0x00000285eea9eba0
Event: 0.136 Thread 0x00000285f0de9020 Thread added: 0x00000285f0de9020
Event: 0.136 Thread 0x00000285f0de9950 Thread added: 0x00000285f0de9950
Event: 0.291 Thread 0x00000285f0ee3000 Thread added: 0x00000285f0ee3000


Dynamic libraries:
0x00007ff646640000 - 0x00007ff64664e000 	c:\Users\LENOVO\.vscode\extensions\redhat.java-1.35.1-win32-x64\jre\17.0.12-win32-x86_64\bin\java.exe
0x00007ffdb45b0000 - 0x00007ffdb47c7000 	C:\WINDOWS\SYSTEM32\ntdll.dll
0x00007ffdb2f30000 - 0x00007ffdb2ff4000 	C:\WINDOWS\System32\KERNEL32.DLL
0x00007ffdb1d10000 - 0x00007ffdb20c7000 	C:\WINDOWS\System32\KERNELBASE.dll
0x00007ffdb1a30000 - 0x00007ffdb1b41000 	C:\WINDOWS\System32\ucrtbase.dll
0x00007ffd845c0000 - 0x00007ffd845d7000 	c:\Users\LENOVO\.vscode\extensions\redhat.java-1.35.1-win32-x64\jre\17.0.12-win32-x86_64\bin\jli.dll
0x00007ffd8a0a0000 - 0x00007ffd8a0bb000 	c:\Users\LENOVO\.vscode\extensions\redhat.java-1.35.1-win32-x64\jre\17.0.12-win32-x86_64\bin\VCRUNTIME140.dll
0x00007ffdb3b00000 - 0x00007ffdb3caf000 	C:\WINDOWS\System32\USER32.dll
0x00007ffdb2230000 - 0x00007ffdb2256000 	C:\WINDOWS\System32\win32u.dll
0x00007ffd8cc30000 - 0x00007ffd8cec3000 	C:\WINDOWS\WinSxS\amd64_microsoft.windows.common-controls_6595b64144ccf1df_6.0.22621.3672_none_2713b9d173822955\COMCTL32.dll
0x00007ffdb27d0000 - 0x00007ffdb27f9000 	C:\WINDOWS\System32\GDI32.dll
0x00007ffdb41e0000 - 0x00007ffdb4287000 	C:\WINDOWS\System32\msvcrt.dll
0x00007ffdb1b50000 - 0x00007ffdb1c68000 	C:\WINDOWS\System32\gdi32full.dll
0x00007ffdb1c70000 - 0x00007ffdb1d0a000 	C:\WINDOWS\System32\msvcp_win.dll
0x00007ffdb2dd0000 - 0x00007ffdb2e01000 	C:\WINDOWS\System32\IMM32.DLL
0x00007ffd8a4c0000 - 0x00007ffd8a4cc000 	c:\Users\LENOVO\.vscode\extensions\redhat.java-1.35.1-win32-x64\jre\17.0.12-win32-x86_64\bin\vcruntime140_1.dll
0x00007ffd77ec0000 - 0x00007ffd77f4d000 	c:\Users\LENOVO\.vscode\extensions\redhat.java-1.35.1-win32-x64\jre\17.0.12-win32-x86_64\bin\msvcp140.dll
0x00007ffd174a0000 - 0x00007ffd1810a000 	c:\Users\LENOVO\.vscode\extensions\redhat.java-1.35.1-win32-x64\jre\17.0.12-win32-x86_64\bin\server\jvm.dll
0x00007ffdb2a50000 - 0x00007ffdb2b02000 	C:\WINDOWS\System32\ADVAPI32.dll
0x00007ffdb44c0000 - 0x00007ffdb4568000 	C:\WINDOWS\System32\sechost.dll
0x00007ffdb20d0000 - 0x00007ffdb20f8000 	C:\WINDOWS\System32\bcrypt.dll
0x00007ffdb2e10000 - 0x00007ffdb2f24000 	C:\WINDOWS\System32\RPCRT4.dll
0x00007ffdb3100000 - 0x00007ffdb3171000 	C:\WINDOWS\System32\WS2_32.dll
0x00007ffdb0740000 - 0x00007ffdb078d000 	C:\WINDOWS\SYSTEM32\POWRPROF.dll
0x00007ffda9420000 - 0x00007ffda9454000 	C:\WINDOWS\SYSTEM32\WINMM.dll
0x00007ffda7810000 - 0x00007ffda781a000 	C:\WINDOWS\SYSTEM32\VERSION.dll
0x00007ffdb0720000 - 0x00007ffdb0733000 	C:\WINDOWS\SYSTEM32\UMPDC.dll
0x00007ffdb09e0000 - 0x00007ffdb09f8000 	C:\WINDOWS\SYSTEM32\kernel.appcore.dll
0x00007ffd88c50000 - 0x00007ffd88c5a000 	c:\Users\LENOVO\.vscode\extensions\redhat.java-1.35.1-win32-x64\jre\17.0.12-win32-x86_64\bin\jimage.dll
0x00007ffdaebc0000 - 0x00007ffdaedf2000 	C:\WINDOWS\SYSTEM32\DBGHELP.DLL
0x00007ffdb2440000 - 0x00007ffdb27ce000 	C:\WINDOWS\System32\combase.dll
0x00007ffdb2300000 - 0x00007ffdb23d7000 	C:\WINDOWS\System32\OLEAUT32.dll
0x00007ffda6880000 - 0x00007ffda68b2000 	C:\WINDOWS\SYSTEM32\dbgcore.DLL
0x00007ffdb2260000 - 0x00007ffdb22db000 	C:\WINDOWS\System32\bcryptPrimitives.dll
0x00007ffd83ef0000 - 0x00007ffd83efe000 	c:\Users\LENOVO\.vscode\extensions\redhat.java-1.35.1-win32-x64\jre\17.0.12-win32-x86_64\bin\instrument.dll
0x00007ffd7e280000 - 0x00007ffd7e2a5000 	c:\Users\LENOVO\.vscode\extensions\redhat.java-1.35.1-win32-x64\jre\17.0.12-win32-x86_64\bin\java.dll
0x00007ffd845a0000 - 0x00007ffd845b8000 	c:\Users\LENOVO\.vscode\extensions\redhat.java-1.35.1-win32-x64\jre\17.0.12-win32-x86_64\bin\zip.dll
0x00007ffdb3190000 - 0x00007ffdb39f9000 	C:\WINDOWS\System32\SHELL32.dll
0x00007ffdaf7f0000 - 0x00007ffdb00ef000 	C:\WINDOWS\SYSTEM32\windows.storage.dll
0x00007ffdaf6b0000 - 0x00007ffdaf7ef000 	C:\WINDOWS\SYSTEM32\wintypes.dll
0x00007ffdb3000000 - 0x00007ffdb30f9000 	C:\WINDOWS\System32\SHCORE.dll
0x00007ffdb23e0000 - 0x00007ffdb243e000 	C:\WINDOWS\System32\shlwapi.dll
0x00007ffdb17f0000 - 0x00007ffdb1817000 	C:\WINDOWS\SYSTEM32\profapi.dll
0x00007ffd843b0000 - 0x00007ffd843c9000 	C:\Users\LENOVO\.vscode\extensions\redhat.java-1.35.1-win32-x64\jre\17.0.12-win32-x86_64\bin\net.dll
0x00007ffdacf00000 - 0x00007ffdad036000 	C:\WINDOWS\SYSTEM32\WINHTTP.dll
0x00007ffdb0e70000 - 0x00007ffdb0ed9000 	C:\WINDOWS\system32\mswsock.dll
0x00007ffd83f00000 - 0x00007ffd83f16000 	C:\Users\LENOVO\.vscode\extensions\redhat.java-1.35.1-win32-x64\jre\17.0.12-win32-x86_64\bin\nio.dll
0x00007ffd83200000 - 0x00007ffd83210000 	c:\Users\LENOVO\.vscode\extensions\redhat.java-1.35.1-win32-x64\jre\17.0.12-win32-x86_64\bin\verify.dll

dbghelp: loaded successfully - version: 4.0.5 - missing functions: none
symbol engine: initialized successfully - sym options: 0x614 - pdb path: .;c:\Users\LENOVO\.vscode\extensions\redhat.java-1.35.1-win32-x64\jre\17.0.12-win32-x86_64\bin;C:\WINDOWS\SYSTEM32;C:\WINDOWS\WinSxS\amd64_microsoft.windows.common-controls_6595b64144ccf1df_6.0.22621.3672_none_2713b9d173822955;c:\Users\LENOVO\.vscode\extensions\redhat.java-1.35.1-win32-x64\jre\17.0.12-win32-x86_64\bin\server

VM Arguments:
jvm_args: --add-modules=ALL-SYSTEM --add-opens=java.base/java.util=ALL-UNNAMED --add-opens=java.base/java.lang=ALL-UNNAMED --add-opens=java.base/sun.nio.fs=ALL-UNNAMED -Declipse.application=org.eclipse.jdt.ls.core.id1 -Dosgi.bundles.defaultStartLevel=4 -Declipse.product=org.eclipse.jdt.ls.core.product -Djava.import.generatesMetadataFilesAtProjectRoot=false -DDetectVMInstallationsJob.disabled=true -Dfile.encoding=utf8 -XX:+UseParallelGC -XX:GCTimeRatio=4 -XX:AdaptiveSizePolicyWeight=90 -Dsun.zip.disableMemoryMapping=true -Xmx1G -Xms100m -Xlog:disable -javaagent:c:\Users\LENOVO\.vscode\extensions\redhat.java-1.35.1-win32-x64\lombok\lombok-1.18.33.jar -XX:+HeapDumpOnOutOfMemoryError -XX:HeapDumpPath=c:\Users\LENOVO\AppData\Roaming\Code\User\workspaceStorage\1ebfca3e94f2efa66ad72e0075e45ae2\redhat.java -Daether.dependencyCollector.impl=bf 
java_command: c:\Users\LENOVO\.vscode\extensions\redhat.java-1.35.1-win32-x64\server\plugins\org.eclipse.equinox.launcher_1.6.900.v20240613-2009.jar -configuration c:\Users\LENOVO\AppData\Roaming\Code\User\globalStorage\redhat.java\1.35.1\config_win -data c:\Users\LENOVO\AppData\Roaming\Code\User\workspaceStorage\1ebfca3e94f2efa66ad72e0075e45ae2\redhat.java\jdt_ws --pipe=\\.\pipe\lsp-250445d8d12d08ad549e0b20547822f4-sock
java_class_path (initial): c:\Users\LENOVO\.vscode\extensions\redhat.java-1.35.1-win32-x64\server\plugins\org.eclipse.equinox.launcher_1.6.900.v20240613-2009.jar
Launcher Type: SUN_STANDARD

[Global flags]
    uintx AdaptiveSizePolicyWeight                 = 90                                        {product} {command line}
     intx CICompilerCount                          = 12                                        {product} {ergonomic}
    uintx GCTimeRatio                              = 4                                         {product} {command line}
     bool HeapDumpOnOutOfMemoryError               = true                                   {manageable} {command line}
    ccstr HeapDumpPath                             = c:\Users\LENOVO\AppData\Roaming\Code\User\workspaceStorage\1ebfca3e94f2efa66ad72e0075e45ae2\redhat.java         {manageable} {command line}
   size_t InitialHeapSize                          = 104857600                                 {product} {command line}
   size_t MaxHeapSize                              = 1073741824                                {product} {command line}
   size_t MaxNewSize                               = 357564416                                 {product} {ergonomic}
   size_t MinHeapDeltaBytes                        = 524288                                    {product} {ergonomic}
   size_t MinHeapSize                              = 104857600                                 {product} {command line}
   size_t NewSize                                  = 34603008                                  {product} {ergonomic}
    uintx NonNMethodCodeHeapSize                   = 7602480                                {pd product} {ergonomic}
    uintx NonProfiledCodeHeapSize                  = 122027880                              {pd product} {ergonomic}
   size_t OldSize                                  = 70254592                                  {product} {ergonomic}
    uintx ProfiledCodeHeapSize                     = 122027880                              {pd product} {ergonomic}
    uintx ReservedCodeCacheSize                    = 251658240                              {pd product} {ergonomic}
     bool SegmentedCodeCache                       = true                                      {product} {ergonomic}
   size_t SoftMaxHeapSize                          = 1073741824                             {manageable} {ergonomic}
     bool UseCompressedClassPointers               = true                           {product lp64_product} {ergonomic}
     bool UseCompressedOops                        = true                           {product lp64_product} {ergonomic}
     bool UseLargePagesIndividualAllocation        = false                                  {pd product} {ergonomic}
     bool UseParallelGC                            = true                                      {product} {command line}

Logging:
Log output configuration:
 #0: stdout all=off uptime,level,tags
 #1: stderr all=off uptime,level,tags

Environment Variables:
JAVA_HOME=C:\Program Files\Java\jdk-17
PATH=C:\Program Files\Common Files\Oracle\Java\javapath;D:\DTDM\WorkStation\bin\;C:\Windows\system32;C:\Windows;C:\Windows\System32\Wbem;C:\Windows\System32\WindowsPowerShell\v1.0\;C:\Windows\System32\OpenSSH\;C:\Program Files (x86)\NVIDIA Corporation\PhysX\Common;C:\WINDOWS\system32;C:\WINDOWS;C:\WINDOWS\System32\Wbem;C:\WINDOWS\System32\WindowsPowerShell\v1.0\;C:\WINDOWS\System32\OpenSSH\;C:\Program Files\Polyspace\R2019a\runtime\win64;C:\Program Files\Polyspace\R2019a\bin;C:\Program Files\Polyspace\R2019a\polyspace\bin;C:\Program Files\Git\cmd;C:\Program Files\NVIDIA Corporation\NVIDIA NvDLISR;D:\nodejs\;C:\ProgramData\chocolatey\bin;C:\Android\sdk\emulator;C:\Users\LENOVO\AppData\Local\Programs\Python\Launcher\;C:\Users\LENOVO\AppData\Local\Microsoft\WindowsApps;D:\VisualStudioCode\Microsoft VS Code\bin;D:\LapTrinhMang\IDEA\IntelliJ IDEA Community Edition 2023.2.5\bin;;D:\CongNgheWeb\IntelliJ IDEA 2023.3.1\bin;;D:\PYTHON\PyCharm 2023.3.3\bin;;C:\Users\LENOVO\AppData\Roaming\npm;C:\src\flutter\bin;C:\Android\sdk\cmdline-tools\latest\bin;
USERNAME=LENOVO
OS=Windows_NT
PROCESSOR_IDENTIFIER=Intel64 Family 6 Model 154 Stepping 3, GenuineIntel
TMP=C:\Users\LENOVO\AppData\Local\Temp
TEMP=C:\Users\LENOVO\AppData\Local\Temp



Periodic native trim disabled


---------------  S Y S T E M  ---------------

OS:
 Windows 11 , 64 bit Build 22621 (10.0.22621.3958)
OS uptime: 0 days 2:09 hours
Hyper-V role detected

CPU: total 20 (initial active 20) (10 cores per cpu, 2 threads per core) family 6 model 154 stepping 3 microcode 0x413, cx8, cmov, fxsr, ht, mmx, 3dnowpref, sse, sse2, sse3, ssse3, sse4.1, sse4.2, popcnt, lzcnt, tsc, tscinvbit, avx, avx2, aes, erms, clmul, bmi1, bmi2, adx, sha, fma, vzeroupper, clflush, clflushopt, clwb, hv
Processor Information for processor 0
  Max Mhz: 2300, Current Mhz: 2300, Mhz Limit: 2300
Processor Information for processor 1
  Max Mhz: 2300, Current Mhz: 2300, Mhz Limit: 2300
Processor Information for processor 2
  Max Mhz: 2300, Current Mhz: 2300, Mhz Limit: 2300
Processor Information for processor 3
  Max Mhz: 2300, Current Mhz: 2300, Mhz Limit: 2300
Processor Information for processor 4
  Max Mhz: 2300, Current Mhz: 2300, Mhz Limit: 2300
Processor Information for processor 5
  Max Mhz: 2300, Current Mhz: 2300, Mhz Limit: 2300
Processor Information for processor 6
  Max Mhz: 2300, Current Mhz: 2300, Mhz Limit: 2300
Processor Information for processor 7
  Max Mhz: 2300, Current Mhz: 2300, Mhz Limit: 2300
Processor Information for processor 8
  Max Mhz: 2300, Current Mhz: 2300, Mhz Limit: 2300
Processor Information for processor 9
  Max Mhz: 2300, Current Mhz: 1506, Mhz Limit: 2300
Processor Information for processor 10
  Max Mhz: 2300, Current Mhz: 2300, Mhz Limit: 2300
Processor Information for processor 11
  Max Mhz: 2300, Current Mhz: 2300, Mhz Limit: 2300
Processor Information for processor 12
  Max Mhz: 2300, Current Mhz: 1700, Mhz Limit: 1679
Processor Information for processor 13
  Max Mhz: 2300, Current Mhz: 1700, Mhz Limit: 1679
Processor Information for processor 14
  Max Mhz: 2300, Current Mhz: 1700, Mhz Limit: 1679
Processor Information for processor 15
  Max Mhz: 2300, Current Mhz: 1700, Mhz Limit: 1679
Processor Information for processor 16
  Max Mhz: 2300, Current Mhz: 1700, Mhz Limit: 1679
Processor Information for processor 17
  Max Mhz: 2300, Current Mhz: 1700, Mhz Limit: 1679
Processor Information for processor 18
  Max Mhz: 2300, Current Mhz: 1700, Mhz Limit: 1679
Processor Information for processor 19
  Max Mhz: 2300, Current Mhz: 1700, Mhz Limit: 1679

Memory: 4k page, system-wide physical 16108M (3720M free)
TotalPageFile size 17672M (AvailPageFile size 16M)
current process WorkingSet (physical memory assigned to process): 55M, peak: 55M
current process commit charge ("private bytes"): 217M, peak: 217M

vm_info: OpenJDK 64-Bit Server VM (17.0.12+7) for windows-amd64 JRE (17.0.12+7), built on Jul 16 2024 22:08:24 by "admin" with MS VC++ 16.10 / 16.11 (VS2019)

END.
